2018-04-28 16:38:47,422 [main] [org.springframework.context.support.AbstractApplicationContext.prepareRefresh(AbstractApplicationContext.java:578)] - [INFO] Refreshing org.springframework.context.support.ClassPathXmlApplicationContext@2aceadd4: startup date [Sat Apr 28 16:38:47 CST 2018]; root of context hierarchy
2018-04-28 16:38:47,535 [main] [org.springframework.beans.factory.xml.XmlBeanDefinitionReader.loadBeanDefinitions(XmlBeanDefinitionReader.java:317)] - [INFO] Loading XML bean definitions from class path resource [spring/applicationContext.xml]
2018-04-28 16:38:48,034 [main] [org.springframework.core.io.support.PropertiesLoaderSupport.loadProperties(PropertiesLoaderSupport.java:172)] - [INFO] Loading properties file from class path resource [db.properties]
2018-04-28 16:38:48,067 [main] [com.mchange.v2.log.MLog.<clinit>(MLog.java:80)] - [INFO] MLog clients using log4j logging.
2018-04-28 16:38:48,547 [main] [com.mchange.v2.c3p0.C3P0Registry.banner(C3P0Registry.java:204)] - [INFO] Initializing c3p0-0.9.1.2 [built 21-May-2007 15:04:56; debug? true; trace: 10]
2018-04-28 16:38:48,803 [main] [org.springframework.context.support.AbstractApplicationContext.refresh(AbstractApplicationContext.java:546)] - [WARN] Exception encountered during context initialization - cancelling refresh attempt: org.springframework.beans.factory.BeanCreationException: Error creating bean with name 'sqlSessionFactory' defined in class path resource [spring/applicationContext.xml]: Invocation of init method failed; nested exception is org.springframework.core.NestedIOException: Failed to parse config resource: class path resource [mybatis/Mybatis-config.xml]; nested exception is org.apache.ibatis.builder.BuilderException: Error parsing SQL Mapper Configuration. Cause: org.apache.ibatis.type.TypeException: The alias 'Collection' is already mapped to the value 'java.util.Collection'.
2018-04-28 16:39:45,289 [main] [org.springframework.context.support.AbstractApplicationContext.prepareRefresh(AbstractApplicationContext.java:578)] - [INFO] Refreshing org.springframework.context.support.ClassPathXmlApplicationContext@2aceadd4: startup date [Sat Apr 28 16:39:45 CST 2018]; root of context hierarchy
2018-04-28 16:39:45,369 [main] [org.springframework.beans.factory.xml.XmlBeanDefinitionReader.loadBeanDefinitions(XmlBeanDefinitionReader.java:317)] - [INFO] Loading XML bean definitions from class path resource [spring/applicationContext.xml]
2018-04-28 16:39:45,708 [main] [org.springframework.core.io.support.PropertiesLoaderSupport.loadProperties(PropertiesLoaderSupport.java:172)] - [INFO] Loading properties file from class path resource [db.properties]
2018-04-28 16:39:45,758 [main] [com.mchange.v2.log.MLog.<clinit>(MLog.java:80)] - [INFO] MLog clients using log4j logging.
2018-04-28 16:39:46,327 [main] [com.mchange.v2.c3p0.C3P0Registry.banner(C3P0Registry.java:204)] - [INFO] Initializing c3p0-0.9.1.2 [built 21-May-2007 15:04:56; debug? true; trace: 10]
2018-04-28 16:39:46,541 [main] [org.springframework.context.support.AbstractApplicationContext.refresh(AbstractApplicationContext.java:546)] - [WARN] Exception encountered during context initialization - cancelling refresh attempt: org.springframework.beans.factory.BeanCreationException: Error creating bean with name 'sqlSessionFactory' defined in class path resource [spring/applicationContext.xml]: Invocation of init method failed; nested exception is org.springframework.core.NestedIOException: Failed to parse config resource: class path resource [mybatis/Mybatis-config.xml]; nested exception is org.apache.ibatis.builder.BuilderException: Error parsing SQL Mapper Configuration. Cause: org.apache.ibatis.type.TypeException: The alias 'Collection' is already mapped to the value 'java.util.Collection'.
2018-04-28 16:42:26,571 [main] [org.springframework.context.support.AbstractApplicationContext.prepareRefresh(AbstractApplicationContext.java:578)] - [INFO] Refreshing org.springframework.context.support.ClassPathXmlApplicationContext@2aceadd4: startup date [Sat Apr 28 16:42:26 CST 2018]; root of context hierarchy
2018-04-28 16:42:26,648 [main] [org.springframework.beans.factory.xml.XmlBeanDefinitionReader.loadBeanDefinitions(XmlBeanDefinitionReader.java:317)] - [INFO] Loading XML bean definitions from class path resource [spring/applicationContext.xml]
2018-04-28 16:42:26,946 [main] [org.springframework.core.io.support.PropertiesLoaderSupport.loadProperties(PropertiesLoaderSupport.java:172)] - [INFO] Loading properties file from class path resource [db.properties]
2018-04-28 16:42:26,996 [main] [com.mchange.v2.log.MLog.<clinit>(MLog.java:80)] - [INFO] MLog clients using log4j logging.
2018-04-28 16:42:27,643 [main] [com.mchange.v2.c3p0.C3P0Registry.banner(C3P0Registry.java:204)] - [INFO] Initializing c3p0-0.9.1.2 [built 21-May-2007 15:04:56; debug? true; trace: 10]
2018-04-28 16:42:27,873 [main] [org.springframework.context.support.AbstractApplicationContext.refresh(AbstractApplicationContext.java:546)] - [WARN] Exception encountered during context initialization - cancelling refresh attempt: org.springframework.beans.factory.BeanCreationException: Error creating bean with name 'sqlSessionFactory' defined in class path resource [spring/applicationContext.xml]: Invocation of init method failed; nested exception is org.springframework.core.NestedIOException: Failed to parse config resource: class path resource [mybatis/Mybatis-config.xml]; nested exception is org.apache.ibatis.builder.BuilderException: Error parsing SQL Mapper Configuration. Cause: org.apache.ibatis.type.TypeException: The alias 'Collection' is already mapped to the value 'java.util.Collection'.
2018-04-28 16:43:31,351 [main] [org.springframework.context.support.AbstractApplicationContext.prepareRefresh(AbstractApplicationContext.java:578)] - [INFO] Refreshing org.springframework.context.support.ClassPathXmlApplicationContext@2aceadd4: startup date [Sat Apr 28 16:43:31 CST 2018]; root of context hierarchy
2018-04-28 16:43:31,425 [main] [org.springframework.beans.factory.xml.XmlBeanDefinitionReader.loadBeanDefinitions(XmlBeanDefinitionReader.java:317)] - [INFO] Loading XML bean definitions from class path resource [spring/applicationContext.xml]
2018-04-28 16:43:31,750 [main] [org.springframework.core.io.support.PropertiesLoaderSupport.loadProperties(PropertiesLoaderSupport.java:172)] - [INFO] Loading properties file from class path resource [db.properties]
2018-04-28 16:43:31,797 [main] [com.mchange.v2.log.MLog.<clinit>(MLog.java:80)] - [INFO] MLog clients using log4j logging.
2018-04-28 16:43:32,362 [main] [com.mchange.v2.c3p0.C3P0Registry.banner(C3P0Registry.java:204)] - [INFO] Initializing c3p0-0.9.1.2 [built 21-May-2007 15:04:56; debug? true; trace: 10]
2018-04-28 16:43:32,757 [main] [com.mchange.v2.c3p0.impl.AbstractPoolBackedDataSource.getPoolManager(AbstractPoolBackedDataSource.java:462)] - [INFO] Initializing c3p0 pool... com.mchange.v2.c3p0.ComboPooledDataSource [ acquireIncrement -> 5, acquireRetryAttempts -> 30, acquireRetryDelay -> 1000, autoCommitOnClose -> false, automaticTestTable -> null, breakAfterAcquireFailure -> false, checkoutTimeout -> 0, connectionCustomizerClassName -> null, connectionTesterClassName -> com.mchange.v2.c3p0.impl.DefaultConnectionTester, dataSourceName -> 1hgedj69v3634awe64og7|2b5f4d54, debugUnreturnedConnectionStackTraces -> false, description -> null, driverClass -> com.mysql.jdbc.Driver, factoryClassLocation -> null, forceIgnoreUnresolvedTransactions -> false, identityToken -> 1hgedj69v3634awe64og7|2b5f4d54, idleConnectionTestPeriod -> 0, initialPoolSize -> 10, jdbcUrl -> jdbc:mysql://localhost:3306/flowershop, maxAdministrativeTaskTime -> 0, maxConnectionAge -> 0, maxIdleTime -> 0, maxIdleTimeExcessConnections -> 0, maxPoolSize -> 100, maxStatements -> 0, maxStatementsPerConnection -> 0, minPoolSize -> 10, numHelperThreads -> 3, numThreadsAwaitingCheckoutDefaultUser -> 0, preferredTestQuery -> null, properties -> {user=******, password=******}, propertyCycle -> 0, testConnectionOnCheckin -> false, testConnectionOnCheckout -> false, unreturnedConnectionTimeout -> 0, usesTraditionalReflectiveProxies -> false ]
2018-04-28 16:44:53,147 [main] [org.springframework.context.support.AbstractApplicationContext.prepareRefresh(AbstractApplicationContext.java:578)] - [INFO] Refreshing org.springframework.context.support.ClassPathXmlApplicationContext@2aceadd4: startup date [Sat Apr 28 16:44:53 CST 2018]; root of context hierarchy
2018-04-28 16:44:53,220 [main] [org.springframework.beans.factory.xml.XmlBeanDefinitionReader.loadBeanDefinitions(XmlBeanDefinitionReader.java:317)] - [INFO] Loading XML bean definitions from class path resource [spring/applicationContext.xml]
2018-04-28 16:44:53,584 [main] [org.springframework.core.io.support.PropertiesLoaderSupport.loadProperties(PropertiesLoaderSupport.java:172)] - [INFO] Loading properties file from class path resource [db.properties]
2018-04-28 16:44:53,636 [main] [com.mchange.v2.log.MLog.<clinit>(MLog.java:80)] - [INFO] MLog clients using log4j logging.
2018-04-28 16:44:54,226 [main] [com.mchange.v2.c3p0.C3P0Registry.banner(C3P0Registry.java:204)] - [INFO] Initializing c3p0-0.9.1.2 [built 21-May-2007 15:04:56; debug? true; trace: 10]
2018-04-28 16:44:54,533 [main] [org.mybatis.spring.mapper.MapperFactoryBean.checkDaoConfig(MapperFactoryBean.java:83)] - [ERROR] Error while adding the mapper 'interface com.zy.index.mapper.LoginMapper' to configuration.
org.apache.ibatis.builder.BuilderException: Error parsing Mapper XML. Cause: org.apache.ibatis.builder.BuilderException: Error resolving class. Cause: org.apache.ibatis.type.TypeException: Could not resolve type alias 'Customer'.  Cause: java.lang.ClassNotFoundException: Cannot find class: Customer
	at org.apache.ibatis.builder.xml.XMLMapperBuilder.configurationElement(XMLMapperBuilder.java:120)
	at org.apache.ibatis.builder.xml.XMLMapperBuilder.parse(XMLMapperBuilder.java:92)
	at org.apache.ibatis.builder.annotation.MapperAnnotationBuilder.loadXmlResource(MapperAnnotationBuilder.java:173)
	at org.apache.ibatis.builder.annotation.MapperAnnotationBuilder.parse(MapperAnnotationBuilder.java:124)
	at org.apache.ibatis.binding.MapperRegistry.addMapper(MapperRegistry.java:72)
	at org.apache.ibatis.session.Configuration.addMapper(Configuration.java:728)
	at org.mybatis.spring.mapper.MapperFactoryBean.checkDaoConfig(MapperFactoryBean.java:81)
	at org.springframework.dao.support.DaoSupport.afterPropertiesSet(DaoSupport.java:44)
	at org.springframework.beans.factory.support.AbstractAutowireCapableBeanFactory.invokeInitMethods(AbstractAutowireCapableBeanFactory.java:1637)
	at org.springframework.beans.factory.support.AbstractAutowireCapableBeanFactory.initializeBean(AbstractAutowireCapableBeanFactory.java:1574)
	at org.springframework.beans.factory.support.AbstractAutowireCapableBeanFactory.doCreateBean(AbstractAutowireCapableBeanFactory.java:545)
	at org.springframework.beans.factory.support.AbstractAutowireCapableBeanFactory.createBean(AbstractAutowireCapableBeanFactory.java:482)
	at org.springframework.beans.factory.support.AbstractBeanFactory$1.getObject(AbstractBeanFactory.java:306)
	at org.springframework.beans.factory.support.DefaultSingletonBeanRegistry.getSingleton(DefaultSingletonBeanRegistry.java:230)
	at org.springframework.beans.factory.support.AbstractBeanFactory.doGetBean(AbstractBeanFactory.java:302)
	at org.springframework.beans.factory.support.AbstractBeanFactory.getBean(AbstractBeanFactory.java:197)
	at org.springframework.beans.factory.support.DefaultListableBeanFactory.preInstantiateSingletons(DefaultListableBeanFactory.java:753)
	at org.springframework.context.support.AbstractApplicationContext.finishBeanFactoryInitialization(AbstractApplicationContext.java:839)
	at org.springframework.context.support.AbstractApplicationContext.refresh(AbstractApplicationContext.java:538)
	at org.springframework.context.support.ClassPathXmlApplicationContext.<init>(ClassPathXmlApplicationContext.java:139)
	at org.springframework.context.support.ClassPathXmlApplicationContext.<init>(ClassPathXmlApplicationContext.java:83)
	at com.zy.index.mapper.LoginMapperTest.setUp(LoginMapperTest.java:17)
	at sun.reflect.NativeMethodAccessorImpl.invoke0(Native Method)
	at sun.reflect.NativeMethodAccessorImpl.invoke(NativeMethodAccessorImpl.java:62)
	at sun.reflect.DelegatingMethodAccessorImpl.invoke(DelegatingMethodAccessorImpl.java:43)
	at java.lang.reflect.Method.invoke(Method.java:498)
	at org.junit.platform.commons.util.ReflectionUtils.invokeMethod(ReflectionUtils.java:513)
	at org.junit.jupiter.engine.execution.ExecutableInvoker.invoke(ExecutableInvoker.java:115)
	at org.junit.jupiter.engine.descriptor.ClassTestDescriptor.invokeMethodInExtensionContext(ClassTestDescriptor.java:302)
	at org.junit.jupiter.engine.descriptor.ClassTestDescriptor.lambda$synthesizeBeforeEachMethodAdapter$12(ClassTestDescriptor.java:290)
	at org.junit.jupiter.engine.descriptor.TestMethodTestDescriptor.lambda$invokeBeforeEachMethods$2(TestMethodTestDescriptor.java:135)
	at org.junit.jupiter.engine.execution.ThrowableCollector.execute(ThrowableCollector.java:40)
	at org.junit.jupiter.engine.descriptor.TestMethodTestDescriptor.invokeBeforeMethodsOrCallbacksUntilExceptionOccurs(TestMethodTestDescriptor.java:155)
	at org.junit.jupiter.engine.descriptor.TestMethodTestDescriptor.invokeBeforeEachMethods(TestMethodTestDescriptor.java:134)
	at org.junit.jupiter.engine.descriptor.TestMethodTestDescriptor.execute(TestMethodTestDescriptor.java:109)
	at org.junit.jupiter.engine.descriptor.TestMethodTestDescriptor.execute(TestMethodTestDescriptor.java:58)
	at org.junit.platform.engine.support.hierarchical.HierarchicalTestExecutor$NodeExecutor.lambda$executeRecursively$3(HierarchicalTestExecutor.java:113)
	at org.junit.platform.engine.support.hierarchical.SingleTestExecutor.executeSafely(SingleTestExecutor.java:66)
	at org.junit.platform.engine.support.hierarchical.HierarchicalTestExecutor$NodeExecutor.executeRecursively(HierarchicalTestExecutor.java:108)
	at org.junit.platform.engine.support.hierarchical.HierarchicalTestExecutor$NodeExecutor.execute(HierarchicalTestExecutor.java:79)
	at org.junit.platform.engine.support.hierarchical.HierarchicalTestExecutor$NodeExecutor.lambda$executeRecursively$2(HierarchicalTestExecutor.java:121)
	at java.util.stream.ForEachOps$ForEachOp$OfRef.accept(ForEachOps.java:184)
	at java.util.stream.ReferencePipeline$2$1.accept(ReferencePipeline.java:175)
	at java.util.Iterator.forEachRemaining(Iterator.java:116)
	at java.util.Spliterators$IteratorSpliterator.forEachRemaining(Spliterators.java:1801)
	at java.util.stream.AbstractPipeline.copyInto(AbstractPipeline.java:481)
	at java.util.stream.AbstractPipeline.wrapAndCopyInto(AbstractPipeline.java:471)
	at java.util.stream.ForEachOps$ForEachOp.evaluateSequential(ForEachOps.java:151)
	at java.util.stream.ForEachOps$ForEachOp$OfRef.evaluateSequential(ForEachOps.java:174)
	at java.util.stream.AbstractPipeline.evaluate(AbstractPipeline.java:234)
	at java.util.stream.ReferencePipeline.forEach(ReferencePipeline.java:418)
	at org.junit.platform.engine.support.hierarchical.HierarchicalTestExecutor$NodeExecutor.lambda$executeRecursively$3(HierarchicalTestExecutor.java:121)
	at org.junit.platform.engine.support.hierarchical.SingleTestExecutor.executeSafely(SingleTestExecutor.java:66)
	at org.junit.platform.engine.support.hierarchical.HierarchicalTestExecutor$NodeExecutor.executeRecursively(HierarchicalTestExecutor.java:108)
	at org.junit.platform.engine.support.hierarchical.HierarchicalTestExecutor$NodeExecutor.execute(HierarchicalTestExecutor.java:79)
	at org.junit.platform.engine.support.hierarchical.HierarchicalTestExecutor$NodeExecutor.lambda$executeRecursively$2(HierarchicalTestExecutor.java:121)
	at java.util.stream.ForEachOps$ForEachOp$OfRef.accept(ForEachOps.java:184)
	at java.util.stream.ReferencePipeline$2$1.accept(ReferencePipeline.java:175)
	at java.util.Iterator.forEachRemaining(Iterator.java:116)
	at java.util.Spliterators$IteratorSpliterator.forEachRemaining(Spliterators.java:1801)
	at java.util.stream.AbstractPipeline.copyInto(AbstractPipeline.java:481)
	at java.util.stream.AbstractPipeline.wrapAndCopyInto(AbstractPipeline.java:471)
	at java.util.stream.ForEachOps$ForEachOp.evaluateSequential(ForEachOps.java:151)
	at java.util.stream.ForEachOps$ForEachOp$OfRef.evaluateSequential(ForEachOps.java:174)
	at java.util.stream.AbstractPipeline.evaluate(AbstractPipeline.java:234)
	at java.util.stream.ReferencePipeline.forEach(ReferencePipeline.java:418)
	at org.junit.platform.engine.support.hierarchical.HierarchicalTestExecutor$NodeExecutor.lambda$executeRecursively$3(HierarchicalTestExecutor.java:121)
	at org.junit.platform.engine.support.hierarchical.SingleTestExecutor.executeSafely(SingleTestExecutor.java:66)
	at org.junit.platform.engine.support.hierarchical.HierarchicalTestExecutor$NodeExecutor.executeRecursively(HierarchicalTestExecutor.java:108)
	at org.junit.platform.engine.support.hierarchical.HierarchicalTestExecutor$NodeExecutor.execute(HierarchicalTestExecutor.java:79)
	at org.junit.platform.engine.support.hierarchical.HierarchicalTestExecutor.execute(HierarchicalTestExecutor.java:55)
	at org.junit.platform.engine.support.hierarchical.HierarchicalTestEngine.execute(HierarchicalTestEngine.java:43)
	at org.junit.platform.launcher.core.DefaultLauncher.execute(DefaultLauncher.java:170)
	at org.junit.platform.launcher.core.DefaultLauncher.execute(DefaultLauncher.java:154)
	at org.junit.platform.launcher.core.DefaultLauncher.execute(DefaultLauncher.java:90)
	at com.intellij.junit5.JUnit5IdeaTestRunner.startRunnerWithArgs(JUnit5IdeaTestRunner.java:65)
	at com.intellij.rt.execution.junit.IdeaTestRunner$Repeater.startRunnerWithArgs(IdeaTestRunner.java:47)
	at com.intellij.rt.execution.junit.JUnitStarter.prepareStreamsAndStart(JUnitStarter.java:242)
	at com.intellij.rt.execution.junit.JUnitStarter.main(JUnitStarter.java:70)
Caused by: org.apache.ibatis.builder.BuilderException: Error resolving class. Cause: org.apache.ibatis.type.TypeException: Could not resolve type alias 'Customer'.  Cause: java.lang.ClassNotFoundException: Cannot find class: Customer
	at org.apache.ibatis.builder.BaseBuilder.resolveClass(BaseBuilder.java:118)
	at org.apache.ibatis.builder.xml.XMLStatementBuilder.parseStatementNode(XMLStatementBuilder.java:74)
	at org.apache.ibatis.builder.xml.XMLMapperBuilder.buildStatementFromContext(XMLMapperBuilder.java:135)
	at org.apache.ibatis.builder.xml.XMLMapperBuilder.buildStatementFromContext(XMLMapperBuilder.java:128)
	at org.apache.ibatis.builder.xml.XMLMapperBuilder.configurationElement(XMLMapperBuilder.java:118)
	... 78 more
Caused by: org.apache.ibatis.type.TypeException: Could not resolve type alias 'Customer'.  Cause: java.lang.ClassNotFoundException: Cannot find class: Customer
	at org.apache.ibatis.type.TypeAliasRegistry.resolveAlias(TypeAliasRegistry.java:120)
	at org.apache.ibatis.builder.BaseBuilder.resolveAlias(BaseBuilder.java:149)
	at org.apache.ibatis.builder.BaseBuilder.resolveClass(BaseBuilder.java:116)
	... 82 more
Caused by: java.lang.ClassNotFoundException: Cannot find class: Customer
	at org.apache.ibatis.io.ClassLoaderWrapper.classForName(ClassLoaderWrapper.java:200)
	at org.apache.ibatis.io.ClassLoaderWrapper.classForName(ClassLoaderWrapper.java:89)
	at org.apache.ibatis.io.Resources.classForName(Resources.java:261)
	at org.apache.ibatis.type.TypeAliasRegistry.resolveAlias(TypeAliasRegistry.java:116)
	... 84 more
2018-04-28 16:44:54,543 [main] [org.springframework.context.support.AbstractApplicationContext.refresh(AbstractApplicationContext.java:546)] - [WARN] Exception encountered during context initialization - cancelling refresh attempt: org.springframework.beans.factory.BeanCreationException: Error creating bean with name 'loginMapper' defined in file [D:\java\project\FlowerShop\target\classes\com\zy\index\mapper\LoginMapper.class]: Invocation of init method failed; nested exception is java.lang.IllegalArgumentException: org.apache.ibatis.builder.BuilderException: Error parsing Mapper XML. Cause: org.apache.ibatis.builder.BuilderException: Error resolving class. Cause: org.apache.ibatis.type.TypeException: Could not resolve type alias 'Customer'.  Cause: java.lang.ClassNotFoundException: Cannot find class: Customer
2018-04-28 16:45:45,607 [main] [org.springframework.context.support.AbstractApplicationContext.prepareRefresh(AbstractApplicationContext.java:578)] - [INFO] Refreshing org.springframework.context.support.ClassPathXmlApplicationContext@2aceadd4: startup date [Sat Apr 28 16:45:45 CST 2018]; root of context hierarchy
2018-04-28 16:45:45,687 [main] [org.springframework.beans.factory.xml.XmlBeanDefinitionReader.loadBeanDefinitions(XmlBeanDefinitionReader.java:317)] - [INFO] Loading XML bean definitions from class path resource [spring/applicationContext.xml]
2018-04-28 16:45:46,040 [main] [org.springframework.core.io.support.PropertiesLoaderSupport.loadProperties(PropertiesLoaderSupport.java:172)] - [INFO] Loading properties file from class path resource [db.properties]
2018-04-28 16:45:46,104 [main] [com.mchange.v2.log.MLog.<clinit>(MLog.java:80)] - [INFO] MLog clients using log4j logging.
2018-04-28 16:45:46,700 [main] [com.mchange.v2.c3p0.C3P0Registry.banner(C3P0Registry.java:204)] - [INFO] Initializing c3p0-0.9.1.2 [built 21-May-2007 15:04:56; debug? true; trace: 10]
2018-04-28 16:45:46,910 [main] [org.springframework.context.support.AbstractApplicationContext.refresh(AbstractApplicationContext.java:546)] - [WARN] Exception encountered during context initialization - cancelling refresh attempt: org.springframework.beans.factory.BeanCreationException: Error creating bean with name 'sqlSessionFactory' defined in class path resource [spring/applicationContext.xml]: Invocation of init method failed; nested exception is org.springframework.core.NestedIOException: Failed to parse config resource: class path resource [mybatis/Mybatis-config.xml]; nested exception is org.apache.ibatis.builder.BuilderException: Error parsing SQL Mapper Configuration. Cause: org.apache.ibatis.type.TypeException: The alias 'Collection' is already mapped to the value 'java.util.Collection'.
2018-04-28 16:47:10,786 [main] [org.springframework.context.support.AbstractApplicationContext.prepareRefresh(AbstractApplicationContext.java:578)] - [INFO] Refreshing org.springframework.context.support.ClassPathXmlApplicationContext@2aceadd4: startup date [Sat Apr 28 16:47:10 CST 2018]; root of context hierarchy
2018-04-28 16:47:10,862 [main] [org.springframework.beans.factory.xml.XmlBeanDefinitionReader.loadBeanDefinitions(XmlBeanDefinitionReader.java:317)] - [INFO] Loading XML bean definitions from class path resource [spring/applicationContext.xml]
2018-04-28 16:47:11,173 [main] [org.springframework.core.io.support.PropertiesLoaderSupport.loadProperties(PropertiesLoaderSupport.java:172)] - [INFO] Loading properties file from class path resource [db.properties]
2018-04-28 16:47:11,222 [main] [com.mchange.v2.log.MLog.<clinit>(MLog.java:80)] - [INFO] MLog clients using log4j logging.
2018-04-28 16:47:11,786 [main] [com.mchange.v2.c3p0.C3P0Registry.banner(C3P0Registry.java:204)] - [INFO] Initializing c3p0-0.9.1.2 [built 21-May-2007 15:04:56; debug? true; trace: 10]
2018-04-28 16:47:12,212 [main] [com.mchange.v2.c3p0.impl.AbstractPoolBackedDataSource.getPoolManager(AbstractPoolBackedDataSource.java:462)] - [INFO] Initializing c3p0 pool... com.mchange.v2.c3p0.ComboPooledDataSource [ acquireIncrement -> 5, acquireRetryAttempts -> 30, acquireRetryDelay -> 1000, autoCommitOnClose -> false, automaticTestTable -> null, breakAfterAcquireFailure -> false, checkoutTimeout -> 0, connectionCustomizerClassName -> null, connectionTesterClassName -> com.mchange.v2.c3p0.impl.DefaultConnectionTester, dataSourceName -> 1hgedj69v367tlz1un7t6s|2b5f4d54, debugUnreturnedConnectionStackTraces -> false, description -> null, driverClass -> com.mysql.jdbc.Driver, factoryClassLocation -> null, forceIgnoreUnresolvedTransactions -> false, identityToken -> 1hgedj69v367tlz1un7t6s|2b5f4d54, idleConnectionTestPeriod -> 0, initialPoolSize -> 10, jdbcUrl -> jdbc:mysql://localhost:3306/flowershop, maxAdministrativeTaskTime -> 0, maxConnectionAge -> 0, maxIdleTime -> 0, maxIdleTimeExcessConnections -> 0, maxPoolSize -> 100, maxStatements -> 0, maxStatementsPerConnection -> 0, minPoolSize -> 10, numHelperThreads -> 3, numThreadsAwaitingCheckoutDefaultUser -> 0, preferredTestQuery -> null, properties -> {user=******, password=******}, propertyCycle -> 0, testConnectionOnCheckin -> false, testConnectionOnCheckout -> false, unreturnedConnectionTimeout -> 0, usesTraditionalReflectiveProxies -> false ]
2018-04-28 16:49:38,128 [main] [org.springframework.context.support.AbstractApplicationContext.prepareRefresh(AbstractApplicationContext.java:578)] - [INFO] Refreshing org.springframework.context.support.ClassPathXmlApplicationContext@2aceadd4: startup date [Sat Apr 28 16:49:38 CST 2018]; root of context hierarchy
2018-04-28 16:49:38,200 [main] [org.springframework.beans.factory.xml.XmlBeanDefinitionReader.loadBeanDefinitions(XmlBeanDefinitionReader.java:317)] - [INFO] Loading XML bean definitions from class path resource [spring/applicationContext.xml]
2018-04-28 16:49:38,528 [main] [org.springframework.core.io.support.PropertiesLoaderSupport.loadProperties(PropertiesLoaderSupport.java:172)] - [INFO] Loading properties file from class path resource [db.properties]
2018-04-28 16:49:38,577 [main] [com.mchange.v2.log.MLog.<clinit>(MLog.java:80)] - [INFO] MLog clients using log4j logging.
2018-04-28 16:49:39,177 [main] [com.mchange.v2.c3p0.C3P0Registry.banner(C3P0Registry.java:204)] - [INFO] Initializing c3p0-0.9.1.2 [built 21-May-2007 15:04:56; debug? true; trace: 10]
2018-04-28 16:49:39,565 [main] [com.mchange.v2.c3p0.impl.AbstractPoolBackedDataSource.getPoolManager(AbstractPoolBackedDataSource.java:462)] - [INFO] Initializing c3p0 pool... com.mchange.v2.c3p0.ComboPooledDataSource [ acquireIncrement -> 5, acquireRetryAttempts -> 30, acquireRetryDelay -> 1000, autoCommitOnClose -> false, automaticTestTable -> null, breakAfterAcquireFailure -> false, checkoutTimeout -> 0, connectionCustomizerClassName -> null, connectionTesterClassName -> com.mchange.v2.c3p0.impl.DefaultConnectionTester, dataSourceName -> 1hgedj69v36azb98ug6r4|2b5f4d54, debugUnreturnedConnectionStackTraces -> false, description -> null, driverClass -> com.mysql.jdbc.Driver, factoryClassLocation -> null, forceIgnoreUnresolvedTransactions -> false, identityToken -> 1hgedj69v36azb98ug6r4|2b5f4d54, idleConnectionTestPeriod -> 0, initialPoolSize -> 10, jdbcUrl -> jdbc:mysql://localhost:3306/flowershop, maxAdministrativeTaskTime -> 0, maxConnectionAge -> 0, maxIdleTime -> 0, maxIdleTimeExcessConnections -> 0, maxPoolSize -> 100, maxStatements -> 0, maxStatementsPerConnection -> 0, minPoolSize -> 10, numHelperThreads -> 3, numThreadsAwaitingCheckoutDefaultUser -> 0, preferredTestQuery -> null, properties -> {user=******, password=******}, propertyCycle -> 0, testConnectionOnCheckin -> false, testConnectionOnCheckout -> false, unreturnedConnectionTimeout -> 0, usesTraditionalReflectiveProxies -> false ]
2018-04-28 16:53:22,323 [main] [org.springframework.context.support.AbstractApplicationContext.prepareRefresh(AbstractApplicationContext.java:578)] - [INFO] Refreshing org.springframework.context.support.ClassPathXmlApplicationContext@2aceadd4: startup date [Sat Apr 28 16:53:22 CST 2018]; root of context hierarchy
2018-04-28 16:53:22,406 [main] [org.springframework.beans.factory.xml.XmlBeanDefinitionReader.loadBeanDefinitions(XmlBeanDefinitionReader.java:317)] - [INFO] Loading XML bean definitions from class path resource [spring/applicationContext.xml]
2018-04-28 16:53:22,730 [main] [org.springframework.core.io.support.PropertiesLoaderSupport.loadProperties(PropertiesLoaderSupport.java:172)] - [INFO] Loading properties file from class path resource [db.properties]
2018-04-28 16:53:22,783 [main] [com.mchange.v2.log.MLog.<clinit>(MLog.java:80)] - [INFO] MLog clients using log4j logging.
2018-04-28 16:53:23,340 [main] [com.mchange.v2.c3p0.C3P0Registry.banner(C3P0Registry.java:204)] - [INFO] Initializing c3p0-0.9.1.2 [built 21-May-2007 15:04:56; debug? true; trace: 10]
2018-04-28 16:53:23,705 [main] [com.mchange.v2.c3p0.impl.AbstractPoolBackedDataSource.getPoolManager(AbstractPoolBackedDataSource.java:462)] - [INFO] Initializing c3p0 pool... com.mchange.v2.c3p0.ComboPooledDataSource [ acquireIncrement -> 5, acquireRetryAttempts -> 30, acquireRetryDelay -> 1000, autoCommitOnClose -> false, automaticTestTable -> null, breakAfterAcquireFailure -> false, checkoutTimeout -> 0, connectionCustomizerClassName -> null, connectionTesterClassName -> com.mchange.v2.c3p0.impl.DefaultConnectionTester, dataSourceName -> 1hgedj69v36fsb5shfqye|2b5f4d54, debugUnreturnedConnectionStackTraces -> false, description -> null, driverClass -> com.mysql.jdbc.Driver, factoryClassLocation -> null, forceIgnoreUnresolvedTransactions -> false, identityToken -> 1hgedj69v36fsb5shfqye|2b5f4d54, idleConnectionTestPeriod -> 0, initialPoolSize -> 10, jdbcUrl -> jdbc:mysql://localhost:3306/flowershop, maxAdministrativeTaskTime -> 0, maxConnectionAge -> 0, maxIdleTime -> 0, maxIdleTimeExcessConnections -> 0, maxPoolSize -> 100, maxStatements -> 0, maxStatementsPerConnection -> 0, minPoolSize -> 10, numHelperThreads -> 3, numThreadsAwaitingCheckoutDefaultUser -> 0, preferredTestQuery -> null, properties -> {user=******, password=******}, propertyCycle -> 0, testConnectionOnCheckin -> false, testConnectionOnCheckout -> false, unreturnedConnectionTimeout -> 0, usesTraditionalReflectiveProxies -> false ]
2018-04-28 16:55:36,703 [main] [org.springframework.context.support.AbstractApplicationContext.prepareRefresh(AbstractApplicationContext.java:578)] - [INFO] Refreshing org.springframework.context.support.ClassPathXmlApplicationContext@2aceadd4: startup date [Sat Apr 28 16:55:36 CST 2018]; root of context hierarchy
2018-04-28 16:55:36,774 [main] [org.springframework.beans.factory.xml.XmlBeanDefinitionReader.loadBeanDefinitions(XmlBeanDefinitionReader.java:317)] - [INFO] Loading XML bean definitions from class path resource [spring/applicationContext.xml]
2018-04-28 16:55:37,071 [main] [org.springframework.core.io.support.PropertiesLoaderSupport.loadProperties(PropertiesLoaderSupport.java:172)] - [INFO] Loading properties file from class path resource [db.properties]
2018-04-28 16:55:37,122 [main] [com.mchange.v2.log.MLog.<clinit>(MLog.java:80)] - [INFO] MLog clients using log4j logging.
2018-04-28 16:55:37,699 [main] [com.mchange.v2.c3p0.C3P0Registry.banner(C3P0Registry.java:204)] - [INFO] Initializing c3p0-0.9.1.2 [built 21-May-2007 15:04:56; debug? true; trace: 10]
2018-04-28 16:55:38,109 [main] [com.mchange.v2.c3p0.impl.AbstractPoolBackedDataSource.getPoolManager(AbstractPoolBackedDataSource.java:462)] - [INFO] Initializing c3p0 pool... com.mchange.v2.c3p0.ComboPooledDataSource [ acquireIncrement -> 5, acquireRetryAttempts -> 30, acquireRetryDelay -> 1000, autoCommitOnClose -> false, automaticTestTable -> null, breakAfterAcquireFailure -> false, checkoutTimeout -> 0, connectionCustomizerClassName -> null, connectionTesterClassName -> com.mchange.v2.c3p0.impl.DefaultConnectionTester, dataSourceName -> 1hgedj69v36inyscoudtw|2b5f4d54, debugUnreturnedConnectionStackTraces -> false, description -> null, driverClass -> com.mysql.jdbc.Driver, factoryClassLocation -> null, forceIgnoreUnresolvedTransactions -> false, identityToken -> 1hgedj69v36inyscoudtw|2b5f4d54, idleConnectionTestPeriod -> 0, initialPoolSize -> 10, jdbcUrl -> jdbc:mysql://localhost:3306/flowershop, maxAdministrativeTaskTime -> 0, maxConnectionAge -> 0, maxIdleTime -> 0, maxIdleTimeExcessConnections -> 0, maxPoolSize -> 100, maxStatements -> 0, maxStatementsPerConnection -> 0, minPoolSize -> 10, numHelperThreads -> 3, numThreadsAwaitingCheckoutDefaultUser -> 0, preferredTestQuery -> null, properties -> {user=******, password=******}, propertyCycle -> 0, testConnectionOnCheckin -> false, testConnectionOnCheckout -> false, unreturnedConnectionTimeout -> 0, usesTraditionalReflectiveProxies -> false ]
